<?xml version="1.0" encoding="UTF-8"?>
<!-- Generated by org.testng.reporters.JUnitXMLReporter -->
<testsuite hostname="Inayat" name="Test Maven Testing" tests="9" failures="0" timestamp="27 Mar 2019 08:53:58 GMT" time="0.108" errors="0">
  <testcase name="Div" time="0.036" classname="com.qa.test.DemoTest"/>
  <testcase name="Sub" time="0.0" classname="com.qa.test.DemoTest"/>
  <testcase name="sum" time="0.0" classname="com.qa.test.DemoTest"/>
  <testcase name="Div1" time="0.002" classname="com.qa.test.DemoTest1"/>
  <testcase name="Sub1" time="0.001" classname="com.qa.test.DemoTest1"/>
  <testcase name="sum1" time="0.001" classname="com.qa.test.DemoTest1"/>
  <testcase name="Div2" time="0.001" classname="com.qa.test.DemoTest2"/>
  <testcase name="Sub2" time="0.001" classname="com.qa.test.DemoTest2"/>
  <testcase name="sum2" time="0.0" classname="com.qa.test.DemoTest2"/>
</testsuite> <!-- Test Maven Testing -->
