<?xml version="1.0" encoding="UTF-8"?>
<testng-results skipped="0" failed="0" total="9" passed="9">
  <reporter-output>
  </reporter-output>
  <suite name="Suite" duration-ms="108" started-at="2019-03-27T08:53:58Z" finished-at="2019-03-27T08:53:58Z">
    <groups>
    </groups>
    <test name="Test Maven Testing" duration-ms="108" started-at="2019-03-27T08:53:58Z" finished-at="2019-03-27T08:53:58Z">
      <class name="com.qa.test.DemoTest">
        <test-method status="PASS" signature="Div()[pri:0, instance:com.qa.test.DemoTest@edf4efb]" name="Div" duration-ms="36" started-at="2019-03-27T14:23:58Z" finished-at="2019-03-27T14:23:58Z">
          <reporter-output>
          </reporter-output>
        </test-method> <!-- Div -->
        <test-method status="PASS" signature="Sub()[pri:0, instance:com.qa.test.DemoTest@edf4efb]" name="Sub" duration-ms="0" started-at="2019-03-27T14:23:58Z" finished-at="2019-03-27T14:23:58Z">
          <reporter-output>
          </reporter-output>
        </test-method> <!-- Sub -->
        <test-method status="PASS" signature="sum()[pri:0, instance:com.qa.test.DemoTest@edf4efb]" name="sum" duration-ms="0" started-at="2019-03-27T14:23:58Z" finished-at="2019-03-27T14:23:58Z">
          <reporter-output>
          </reporter-output>
        </test-method> <!-- sum -->
      </class> <!-- com.qa.test.DemoTest -->
      <class name="com.qa.test.DemoTest1">
        <test-method status="PASS" signature="Div1()[pri:0, instance:com.qa.test.DemoTest1@79698539]" name="Div1" duration-ms="2" started-at="2019-03-27T14:23:58Z" finished-at="2019-03-27T14:23:58Z">
          <reporter-output>
          </reporter-output>
        </test-method> <!-- Div1 -->
        <test-method status="PASS" signature="Sub1()[pri:0, instance:com.qa.test.DemoTest1@79698539]" name="Sub1" duration-ms="1" started-at="2019-03-27T14:23:58Z" finished-at="2019-03-27T14:23:58Z">
          <reporter-output>
          </reporter-output>
        </test-method> <!-- Sub1 -->
        <test-method status="PASS" signature="sum1()[pri:0, instance:com.qa.test.DemoTest1@79698539]" name="sum1" duration-ms="1" started-at="2019-03-27T14:23:58Z" finished-at="2019-03-27T14:23:58Z">
          <reporter-output>
          </reporter-output>
        </test-method> <!-- sum1 -->
      </class> <!-- com.qa.test.DemoTest1 -->
      <class name="com.qa.test.DemoTest2">
        <test-method status="PASS" signature="Div2()[pri:0, instance:com.qa.test.DemoTest2@3fb6a447]" name="Div2" duration-ms="1" started-at="2019-03-27T14:23:58Z" finished-at="2019-03-27T14:23:58Z">
          <reporter-output>
          </reporter-output>
        </test-method> <!-- Div2 -->
        <test-method status="PASS" signature="Sub2()[pri:0, instance:com.qa.test.DemoTest2@3fb6a447]" name="Sub2" duration-ms="1" started-at="2019-03-27T14:23:58Z" finished-at="2019-03-27T14:23:58Z">
          <reporter-output>
          </reporter-output>
        </test-method> <!-- Sub2 -->
        <test-method status="PASS" signature="sum2()[pri:0, instance:com.qa.test.DemoTest2@3fb6a447]" name="sum2" duration-ms="0" started-at="2019-03-27T14:23:58Z" finished-at="2019-03-27T14:23:58Z">
          <reporter-output>
          </reporter-output>
        </test-method> <!-- sum2 -->
      </class> <!-- com.qa.test.DemoTest2 -->
    </test> <!-- Test Maven Testing -->
  </suite> <!-- Suite -->
</testng-results>
